[2022-10-30 16:04:25,050] INFO [Controller id=0] Processing automatic preferred replica leader election (kafka.controller.KafkaController)
[2022-10-30 16:04:25,050] TRACE [Controller id=0] Checking need to trigger auto leader balancing (kafka.controller.KafkaController)
[2022-10-30 16:04:25,051] DEBUG [Controller id=0] Topics not in preferred replica for broker 0 HashMap() (kafka.controller.KafkaController)
[2022-10-30 16:04:25,051] TRACE [Controller id=0] Leader imbalance ratio for broker 0 is 0.0 (kafka.controller.KafkaController)
[2022-10-30 16:09:25,051] INFO [Controller id=0] Processing automatic preferred replica leader election (kafka.controller.KafkaController)
[2022-10-30 16:09:25,051] TRACE [Controller id=0] Checking need to trigger auto leader balancing (kafka.controller.KafkaController)
[2022-10-30 16:09:25,051] DEBUG [Controller id=0] Topics not in preferred replica for broker 0 HashMap() (kafka.controller.KafkaController)
[2022-10-30 16:09:25,051] TRACE [Controller id=0] Leader imbalance ratio for broker 0 is 0.0 (kafka.controller.KafkaController)
[2022-10-30 16:11:15,183] DEBUG [Controller id=0] Read current producerId block ProducerIdsBlock(assignedBrokerId=0, firstProducerId=199000, size=1000), Zk path version 200 (kafka.controller.KafkaController)
[2022-10-30 16:11:15,185] INFO [Controller id=0] Acquired new producerId block ProducerIdsBlock(assignedBrokerId=0, firstProducerId=200000, size=1000) by writing to Zk with path version 201 (kafka.controller.KafkaController)
[2022-10-30 16:14:25,051] INFO [Controller id=0] Processing automatic preferred replica leader election (kafka.controller.KafkaController)
[2022-10-30 16:14:25,052] TRACE [Controller id=0] Checking need to trigger auto leader balancing (kafka.controller.KafkaController)
[2022-10-30 16:14:25,052] DEBUG [Controller id=0] Topics not in preferred replica for broker 0 HashMap() (kafka.controller.KafkaController)
[2022-10-30 16:14:25,052] TRACE [Controller id=0] Leader imbalance ratio for broker 0 is 0.0 (kafka.controller.KafkaController)
[2022-10-30 16:15:49,160] DEBUG [Controller id=0] Read current producerId block ProducerIdsBlock(assignedBrokerId=0, firstProducerId=200000, size=1000), Zk path version 201 (kafka.controller.KafkaController)
[2022-10-30 16:15:49,162] INFO [Controller id=0] Acquired new producerId block ProducerIdsBlock(assignedBrokerId=0, firstProducerId=201000, size=1000) by writing to Zk with path version 202 (kafka.controller.KafkaController)
[2022-10-30 16:15:54,556] DEBUG [Controller id=0] Read current producerId block ProducerIdsBlock(assignedBrokerId=0, firstProducerId=201000, size=1000), Zk path version 202 (kafka.controller.KafkaController)
[2022-10-30 16:15:54,560] INFO [Controller id=0] Acquired new producerId block ProducerIdsBlock(assignedBrokerId=0, firstProducerId=202000, size=1000) by writing to Zk with path version 203 (kafka.controller.KafkaController)
[2022-10-30 16:15:58,896] DEBUG [Controller id=0] Read current producerId block ProducerIdsBlock(assignedBrokerId=0, firstProducerId=202000, size=1000), Zk path version 203 (kafka.controller.KafkaController)
[2022-10-30 16:15:58,899] INFO [Controller id=0] Acquired new producerId block ProducerIdsBlock(assignedBrokerId=0, firstProducerId=203000, size=1000) by writing to Zk with path version 204 (kafka.controller.KafkaController)
[2022-10-30 16:16:02,746] DEBUG [Controller id=0] Read current producerId block ProducerIdsBlock(assignedBrokerId=0, firstProducerId=203000, size=1000), Zk path version 204 (kafka.controller.KafkaController)
[2022-10-30 16:16:02,750] INFO [Controller id=0] Acquired new producerId block ProducerIdsBlock(assignedBrokerId=0, firstProducerId=204000, size=1000) by writing to Zk with path version 205 (kafka.controller.KafkaController)
[2022-10-30 16:16:19,317] DEBUG [Controller id=0] Read current producerId block ProducerIdsBlock(assignedBrokerId=0, firstProducerId=204000, size=1000), Zk path version 205 (kafka.controller.KafkaController)
[2022-10-30 16:16:19,319] INFO [Controller id=0] Acquired new producerId block ProducerIdsBlock(assignedBrokerId=0, firstProducerId=205000, size=1000) by writing to Zk with path version 206 (kafka.controller.KafkaController)
[2022-10-30 16:16:22,423] DEBUG [Controller id=0] Read current producerId block ProducerIdsBlock(assignedBrokerId=0, firstProducerId=205000, size=1000), Zk path version 206 (kafka.controller.KafkaController)
[2022-10-30 16:16:22,425] INFO [Controller id=0] Acquired new producerId block ProducerIdsBlock(assignedBrokerId=0, firstProducerId=206000, size=1000) by writing to Zk with path version 207 (kafka.controller.KafkaController)
[2022-10-30 16:16:26,115] DEBUG [Controller id=0] Read current producerId block ProducerIdsBlock(assignedBrokerId=0, firstProducerId=206000, size=1000), Zk path version 207 (kafka.controller.KafkaController)
[2022-10-30 16:16:26,118] INFO [Controller id=0] Acquired new producerId block ProducerIdsBlock(assignedBrokerId=0, firstProducerId=207000, size=1000) by writing to Zk with path version 208 (kafka.controller.KafkaController)
[2022-10-30 16:16:30,218] DEBUG [Controller id=0] Read current producerId block ProducerIdsBlock(assignedBrokerId=0, firstProducerId=207000, size=1000), Zk path version 208 (kafka.controller.KafkaController)
[2022-10-30 16:16:30,222] INFO [Controller id=0] Acquired new producerId block ProducerIdsBlock(assignedBrokerId=0, firstProducerId=208000, size=1000) by writing to Zk with path version 209 (kafka.controller.KafkaController)
[2022-10-30 16:19:25,052] INFO [Controller id=0] Processing automatic preferred replica leader election (kafka.controller.KafkaController)
[2022-10-30 16:19:25,052] TRACE [Controller id=0] Checking need to trigger auto leader balancing (kafka.controller.KafkaController)
[2022-10-30 16:19:25,052] DEBUG [Controller id=0] Topics not in preferred replica for broker 0 HashMap() (kafka.controller.KafkaController)
[2022-10-30 16:19:25,052] TRACE [Controller id=0] Leader imbalance ratio for broker 0 is 0.0 (kafka.controller.KafkaController)
[2022-10-30 16:23:05,003] DEBUG [Controller id=0] Read current producerId block ProducerIdsBlock(assignedBrokerId=0, firstProducerId=208000, size=1000), Zk path version 209 (kafka.controller.KafkaController)
[2022-10-30 16:23:05,005] INFO [Controller id=0] Acquired new producerId block ProducerIdsBlock(assignedBrokerId=0, firstProducerId=209000, size=1000) by writing to Zk with path version 210 (kafka.controller.KafkaController)
[2022-10-30 16:23:10,479] DEBUG [Controller id=0] Read current producerId block ProducerIdsBlock(assignedBrokerId=0, firstProducerId=209000, size=1000), Zk path version 210 (kafka.controller.KafkaController)
[2022-10-30 16:23:10,483] INFO [Controller id=0] Acquired new producerId block ProducerIdsBlock(assignedBrokerId=0, firstProducerId=210000, size=1000) by writing to Zk with path version 211 (kafka.controller.KafkaController)
[2022-10-30 16:23:13,641] DEBUG [Controller id=0] Read current producerId block ProducerIdsBlock(assignedBrokerId=0, firstProducerId=210000, size=1000), Zk path version 211 (kafka.controller.KafkaController)
[2022-10-30 16:23:13,646] INFO [Controller id=0] Acquired new producerId block ProducerIdsBlock(assignedBrokerId=0, firstProducerId=211000, size=1000) by writing to Zk with path version 212 (kafka.controller.KafkaController)
[2022-10-30 16:23:31,243] DEBUG [Controller id=0] Read current producerId block ProducerIdsBlock(assignedBrokerId=0, firstProducerId=211000, size=1000), Zk path version 212 (kafka.controller.KafkaController)
[2022-10-30 16:23:31,245] INFO [Controller id=0] Acquired new producerId block ProducerIdsBlock(assignedBrokerId=0, firstProducerId=212000, size=1000) by writing to Zk with path version 213 (kafka.controller.KafkaController)
[2022-10-30 16:23:34,256] DEBUG [Controller id=0] Read current producerId block ProducerIdsBlock(assignedBrokerId=0, firstProducerId=212000, size=1000), Zk path version 213 (kafka.controller.KafkaController)
[2022-10-30 16:23:34,261] INFO [Controller id=0] Acquired new producerId block ProducerIdsBlock(assignedBrokerId=0, firstProducerId=213000, size=1000) by writing to Zk with path version 214 (kafka.controller.KafkaController)
[2022-10-30 16:23:37,726] DEBUG [Controller id=0] Read current producerId block ProducerIdsBlock(assignedBrokerId=0, firstProducerId=213000, size=1000), Zk path version 214 (kafka.controller.KafkaController)
[2022-10-30 16:23:37,728] INFO [Controller id=0] Acquired new producerId block ProducerIdsBlock(assignedBrokerId=0, firstProducerId=214000, size=1000) by writing to Zk with path version 215 (kafka.controller.KafkaController)
[2022-10-30 16:23:41,942] DEBUG [Controller id=0] Read current producerId block ProducerIdsBlock(assignedBrokerId=0, firstProducerId=214000, size=1000), Zk path version 215 (kafka.controller.KafkaController)
[2022-10-30 16:23:41,944] INFO [Controller id=0] Acquired new producerId block ProducerIdsBlock(assignedBrokerId=0, firstProducerId=215000, size=1000) by writing to Zk with path version 216 (kafka.controller.KafkaController)
[2022-10-30 16:23:55,035] DEBUG [Controller id=0] Read current producerId block ProducerIdsBlock(assignedBrokerId=0, firstProducerId=215000, size=1000), Zk path version 216 (kafka.controller.KafkaController)
[2022-10-30 16:23:55,036] INFO [Controller id=0] Acquired new producerId block ProducerIdsBlock(assignedBrokerId=0, firstProducerId=216000, size=1000) by writing to Zk with path version 217 (kafka.controller.KafkaController)
[2022-10-30 16:24:25,053] INFO [Controller id=0] Processing automatic preferred replica leader election (kafka.controller.KafkaController)
[2022-10-30 16:24:25,053] TRACE [Controller id=0] Checking need to trigger auto leader balancing (kafka.controller.KafkaController)
[2022-10-30 16:24:25,054] DEBUG [Controller id=0] Topics not in preferred replica for broker 0 HashMap() (kafka.controller.KafkaController)
[2022-10-30 16:24:25,054] TRACE [Controller id=0] Leader imbalance ratio for broker 0 is 0.0 (kafka.controller.KafkaController)
[2022-10-30 16:29:25,055] INFO [Controller id=0] Processing automatic preferred replica leader election (kafka.controller.KafkaController)
[2022-10-30 16:29:25,055] TRACE [Controller id=0] Checking need to trigger auto leader balancing (kafka.controller.KafkaController)
[2022-10-30 16:29:25,056] DEBUG [Controller id=0] Topics not in preferred replica for broker 0 HashMap() (kafka.controller.KafkaController)
[2022-10-30 16:29:25,056] TRACE [Controller id=0] Leader imbalance ratio for broker 0 is 0.0 (kafka.controller.KafkaController)
